2024-12-09 19:52:34,374 - root - INFO - *********************Test_001_login*********************
2024-12-09 19:52:34,375 - root - INFO - *********************Verifying Home Page title***********************************
2024-12-09 19:52:38,868 - root - INFO - ********************Home page title is passed***************************
2024-12-09 19:52:41,435 - root - INFO - ********************Verifying Login Test***************************
2024-12-09 19:52:53,249 - root - INFO - ********************Login test is passed***************************
2024-12-09 19:56:36,366 - root - INFO - *********************Test_001_login*********************
2024-12-09 19:56:36,368 - root - INFO - *********************Verifying Home Page title***********************************
2024-12-09 19:56:41,066 - root - ERROR - ********************Home page title is failed***************************
2024-12-09 19:56:43,767 - root - INFO - ********************Verifying Login Test***************************
2024-12-09 19:56:57,547 - root - INFO - ********************Login test is passed***************************
2024-12-10 12:26:41,832 - trio_cdp - INFO - **************End of login test*********************
2024-12-10 12:26:41,832 - trio_cdp - INFO - *************Completed Test_002_DDT_login***********************
2024-12-10 12:26:44,808 - root - INFO - ********************Test_002_DDT_login***************************
2024-12-10 12:26:44,809 - root - INFO - ********************Verifying Login Test***************************
2024-12-10 12:26:56,709 - root - INFO - ******Passed*****
2024-12-10 12:28:41,274 - trio_cdp - INFO - **************End of login test*********************
2024-12-10 12:28:41,274 - trio_cdp - INFO - *************Completed Test_002_DDT_login***********************
2024-12-10 12:28:43,855 - root - INFO - ********************Test_002_DDT_login***************************
2024-12-10 12:28:43,856 - root - INFO - ********************Verifying Login Test***************************
2024-12-10 12:28:57,542 - root - INFO - ******Passed*****
2024-12-10 12:41:30,995 - trio_cdp - INFO - **************End of login test*********************
2024-12-10 12:41:30,997 - trio_cdp - INFO - *************Completed Test_002_DDT_login***********************
2024-12-10 12:41:34,087 - root - INFO - ********************Test_002_DDT_login***************************
2024-12-10 12:41:34,088 - root - INFO - ********************Verifying Login Test***************************
2024-12-10 12:41:46,980 - root - INFO - ******Passed*****
2024-12-10 12:41:55,264 - root - INFO - ******Passed*****
2024-12-10 12:43:22,362 - trio_cdp - INFO - **************End of login test*********************
2024-12-10 12:43:22,362 - trio_cdp - INFO - *************Completed Test_002_DDT_login***********************
2024-12-10 12:43:25,549 - root - INFO - ********************Test_002_DDT_login***************************
2024-12-10 12:43:25,550 - root - INFO - ********************Verifying Login Test***************************
2024-12-10 12:43:37,121 - root - INFO - ******Passed*****
2024-12-10 12:43:44,236 - root - INFO - ******Passed*****
2024-12-10 19:38:30,233 - root - INFO - ******************** Test_002_DDT_login ***************************
2024-12-10 19:38:30,234 - root - INFO - ******************** Verifying Login Test *************************
2024-12-10 19:38:35,539 - root - INFO - Number of rows in Excel: 5
2024-12-10 19:38:35,575 - root - INFO - Testing with Username: Admin, Password: admin123, Expected: Pass
2024-12-10 19:38:41,868 - root - INFO - ****** Test Passed ******
2024-12-10 19:38:44,114 - root - INFO - Testing with Username: Admi, Password: admin12, Expected: Fail
2024-12-10 19:38:51,213 - root - INFO - ****** Test Passed ******
2024-12-10 19:38:51,241 - root - INFO - Testing with Username: Adm, Password: admin, Expected: Fail
2024-12-10 19:38:56,664 - root - INFO - ****** Test Passed ******
2024-12-10 19:38:56,691 - root - INFO - Testing with Username: Admin, Password: admi, Expected: Fail
2024-12-10 19:39:04,215 - root - INFO - ****** Test Passed ******
2024-12-10 19:39:04,215 - root - INFO - *********** Login DDT Test Passed ****************
2024-12-10 19:39:04,600 - root - INFO - ************** End of Login Test *********************
2024-12-10 19:46:38,576 - root - INFO - ******************* Test_002_AddEmp **********************
2024-12-10 19:46:38,576 - root - INFO - ******************* Test_002_AddEmp **********************
2024-12-10 19:46:38,577 - root - INFO - ****************** test_addEmp test started *******************
2024-12-10 19:46:38,577 - root - INFO - ****************** test_addEmp test started *******************
2024-12-10 19:46:56,129 - root - INFO - ****************Verifying Url**************************
2024-12-10 19:46:56,129 - root - INFO - ****************Verifying Url**************************
2024-12-10 19:46:56,565 - root - ERROR - ****************addEmp test failed**************************
2024-12-10 19:46:56,565 - root - ERROR - ****************addEmp test failed**************************
2024-12-10 19:46:59,224 - root - INFO - ********************Verifying Login Test***************************
2024-12-10 19:46:59,224 - root - INFO - ********************Verifying Login Test***************************
2024-12-10 19:47:10,989 - root - INFO - ********************Login test is passed***************************
2024-12-10 19:47:10,989 - root - INFO - ********************Login test is passed***************************
2024-12-10 19:49:10,817 - root - INFO - ******************* Test_002_AddEmp **********************
2024-12-10 19:49:10,817 - root - INFO - ******************* Test_002_AddEmp **********************
2024-12-10 19:49:10,823 - root - INFO - ****************** test_addEmp test started *******************
2024-12-10 19:49:10,823 - root - INFO - ****************** test_addEmp test started *******************
2024-12-10 19:49:25,132 - root - INFO - ****************Verifying Url**************************
2024-12-10 19:49:25,132 - root - INFO - ****************Verifying Url**************************
2024-12-10 19:49:25,614 - root - ERROR - ****************addEmp test failed**************************
2024-12-10 19:49:25,614 - root - ERROR - ****************addEmp test failed**************************
2024-12-10 19:49:28,262 - root - INFO - ********************Verifying Login Test***************************
2024-12-10 19:49:28,262 - root - INFO - ********************Verifying Login Test***************************
2024-12-10 19:49:39,570 - root - INFO - ********************Login test is passed***************************
2024-12-10 19:49:39,570 - root - INFO - ********************Login test is passed***************************
2024-12-10 20:17:12,738 - root - INFO - ******************* Test_002_AddEmp **********************
2024-12-10 20:17:12,738 - root - INFO - ******************* Test_002_AddEmp **********************
2024-12-10 20:17:12,740 - root - INFO - ****************** test_addEmp test started *******************
2024-12-10 20:17:12,740 - root - INFO - ****************** test_addEmp test started *******************
2024-12-10 20:17:28,362 - root - INFO - ****************Verifying Url**************************
2024-12-10 20:17:28,362 - root - INFO - ****************Verifying Url**************************
2024-12-10 20:17:28,763 - root - ERROR - ****************addEmp test failed**************************
2024-12-10 20:17:28,763 - root - ERROR - ****************addEmp test failed**************************
2024-12-10 20:17:31,277 - root - INFO - ********************Verifying Login Test***************************
2024-12-10 20:17:31,277 - root - INFO - ********************Verifying Login Test***************************
2024-12-10 20:17:43,149 - root - INFO - ********************Login test is passed***************************
2024-12-10 20:17:43,149 - root - INFO - ********************Login test is passed***************************
2024-12-10 20:21:47,823 - root - INFO - ******************* Test_002_AddEmp **********************
2024-12-10 20:21:47,823 - root - INFO - ******************* Test_002_AddEmp **********************
2024-12-10 20:21:47,826 - root - INFO - ****************** test_addEmp test started *******************
2024-12-10 20:21:47,826 - root - INFO - ****************** test_addEmp test started *******************
2024-12-10 20:22:02,902 - root - INFO - ****************Verifying Url**************************
2024-12-10 20:22:02,902 - root - INFO - ****************Verifying Url**************************
2024-12-10 20:22:03,330 - root - ERROR - ****************addEmp test failed**************************
2024-12-10 20:22:03,330 - root - ERROR - ****************addEmp test failed**************************
2024-12-10 20:22:05,756 - root - INFO - ********************Verifying Login Test***************************
2024-12-10 20:22:05,756 - root - INFO - ********************Verifying Login Test***************************
2024-12-10 20:22:17,054 - root - INFO - ********************Login test is passed***************************
2024-12-10 20:22:17,054 - root - INFO - ********************Login test is passed***************************
2024-12-10 20:22:29,678 - root - INFO - ******************* Test_002_AddEmp **********************
2024-12-10 20:22:29,678 - root - INFO - ******************* Test_002_AddEmp **********************
2024-12-10 20:22:29,678 - root - INFO - ****************** test_addEmp test started *******************
2024-12-10 20:22:29,678 - root - INFO - ****************** test_addEmp test started *******************
2024-12-10 20:23:27,020 - root - INFO - ****************Verifying Url**************************
2024-12-10 20:23:27,020 - root - INFO - ****************Verifying Url**************************
2024-12-10 20:23:28,384 - root - ERROR - ****************addEmp test failed**************************
2024-12-10 20:23:28,384 - root - ERROR - ****************addEmp test failed**************************
2024-12-10 20:23:36,569 - root - INFO - ********************Verifying Login Test***************************
2024-12-10 20:23:36,569 - root - INFO - ********************Verifying Login Test***************************
2024-12-10 20:24:32,278 - root - INFO - ********************Login test is passed***************************
2024-12-10 20:24:32,278 - root - INFO - ********************Login test is passed***************************
2024-12-10 20:58:03,457 - root - INFO - ******************* Test_002_AddEmp **********************
2024-12-10 20:58:03,457 - root - INFO - ******************* Test_002_AddEmp **********************
2024-12-10 20:58:03,459 - root - INFO - ****************** test_addEmp test started *******************
2024-12-10 20:58:03,459 - root - INFO - ****************** test_addEmp test started *******************
2024-12-10 20:58:24,082 - root - INFO - ****************Verifying Url**************************
2024-12-10 20:58:24,082 - root - INFO - ****************Verifying Url**************************
2024-12-10 20:58:24,504 - root - ERROR - ****************addEmp test failed**************************
2024-12-10 20:58:24,504 - root - ERROR - ****************addEmp test failed**************************
2024-12-10 20:58:27,131 - root - INFO - ********************Verifying Login Test***************************
2024-12-10 20:58:27,131 - root - INFO - ********************Verifying Login Test***************************
2024-12-10 20:58:39,973 - root - INFO - ********************Login test is passed***************************
2024-12-10 20:58:39,973 - root - INFO - ********************Login test is passed***************************
2024-12-10 21:04:18,169 - root - INFO - ******************* Test_002_AddEmp **********************
2024-12-10 21:04:18,169 - root - INFO - ******************* Test_002_AddEmp **********************
2024-12-10 21:04:18,170 - root - INFO - ****************** test_addEmp test started *******************
2024-12-10 21:04:18,170 - root - INFO - ****************** test_addEmp test started *******************
2024-12-10 21:04:40,451 - root - INFO - ****************Verifying Url**************************
2024-12-10 21:04:40,451 - root - INFO - ****************Verifying Url**************************
2024-12-10 21:04:40,906 - root - ERROR - ****************addEmp test failed**************************
2024-12-10 21:04:40,906 - root - ERROR - ****************addEmp test failed**************************
2024-12-10 21:04:43,545 - root - INFO - ********************Verifying Login Test***************************
2024-12-10 21:04:43,545 - root - INFO - ********************Verifying Login Test***************************
2024-12-10 21:04:54,232 - root - INFO - ********************Login test is passed***************************
2024-12-10 21:04:54,232 - root - INFO - ********************Login test is passed***************************
2024-12-10 21:06:37,542 - root - INFO - ******************* Test_002_AddEmp **********************
2024-12-10 21:06:37,542 - root - INFO - ******************* Test_002_AddEmp **********************
2024-12-10 21:06:37,544 - root - INFO - ****************** test_addEmp test started *******************
2024-12-10 21:06:37,544 - root - INFO - ****************** test_addEmp test started *******************
2024-12-10 21:06:58,968 - root - INFO - ****************Verifying Title**************************
2024-12-10 21:06:58,968 - root - INFO - ****************Verifying Title**************************
2024-12-10 21:06:59,289 - root - INFO - **************addEmp test passed**************************
2024-12-10 21:06:59,289 - root - INFO - **************addEmp test passed**************************
2024-12-10 21:06:59,289 - root - INFO - ******************test_addEmp test completed***************************
2024-12-10 21:06:59,289 - root - INFO - ******************test_addEmp test completed***************************
2024-12-10 21:07:01,505 - root - INFO - ********************Verifying Login Test***************************
2024-12-10 21:07:01,505 - root - INFO - ********************Verifying Login Test***************************
2024-12-10 21:07:12,116 - root - INFO - ********************Login test is passed***************************
2024-12-10 21:07:12,116 - root - INFO - ********************Login test is passed***************************
