2024-12-10 10:46:38,989 - root - INFO - ******************* Test_002_AddEmp **********************
2024-12-10 10:46:38,990 - root - INFO - ****************** test_addEmp test started *******************
2024-12-10 10:46:54,406 - root - ERROR - ****************addEmp test failed**************************
2024-12-10 10:50:59,750 - root - INFO - ******************* Test_002_AddEmp **********************
2024-12-10 10:50:59,751 - root - INFO - ****************** test_addEmp test started *******************
2024-12-10 10:51:16,337 - root - INFO - ****************Verifying Url**************************
2024-12-10 10:51:16,705 - root - ERROR - ****************addEmp test failed**************************
2024-12-10 12:11:26,187 - root - INFO - ******************* Test_002_AddEmp **********************
2024-12-10 12:11:26,188 - root - INFO - ****************** test_addEmp test started *******************
2024-12-10 12:12:34,496 - root - INFO - ****************Verifying Url**************************
2024-12-10 12:12:35,050 - root - ERROR - ****************addEmp test failed**************************
2024-12-10 19:46:38,576 - root - INFO - ******************* Test_002_AddEmp **********************
2024-12-10 19:46:38,576 - root - INFO - ******************* Test_002_AddEmp **********************
2024-12-10 19:46:38,577 - root - INFO - ****************** test_addEmp test started *******************
2024-12-10 19:46:38,577 - root - INFO - ****************** test_addEmp test started *******************
2024-12-10 19:46:56,129 - root - INFO - ****************Verifying Url**************************
2024-12-10 19:46:56,129 - root - INFO - ****************Verifying Url**************************
2024-12-10 19:46:56,565 - root - ERROR - ****************addEmp test failed**************************
2024-12-10 19:46:56,565 - root - ERROR - ****************addEmp test failed**************************
2024-12-10 19:46:59,224 - root - INFO - ********************Verifying Login Test***************************
2024-12-10 19:46:59,224 - root - INFO - ********************Verifying Login Test***************************
2024-12-10 19:47:10,989 - root - INFO - ********************Login test is passed***************************
2024-12-10 19:47:10,989 - root - INFO - ********************Login test is passed***************************
2024-12-10 19:49:10,817 - root - INFO - ******************* Test_002_AddEmp **********************
2024-12-10 19:49:10,817 - root - INFO - ******************* Test_002_AddEmp **********************
2024-12-10 19:49:10,823 - root - INFO - ****************** test_addEmp test started *******************
2024-12-10 19:49:10,823 - root - INFO - ****************** test_addEmp test started *******************
2024-12-10 19:49:25,132 - root - INFO - ****************Verifying Url**************************
2024-12-10 19:49:25,132 - root - INFO - ****************Verifying Url**************************
2024-12-10 19:49:25,614 - root - ERROR - ****************addEmp test failed**************************
2024-12-10 19:49:25,614 - root - ERROR - ****************addEmp test failed**************************
2024-12-10 19:49:28,262 - root - INFO - ********************Verifying Login Test***************************
2024-12-10 19:49:28,262 - root - INFO - ********************Verifying Login Test***************************
2024-12-10 19:49:39,570 - root - INFO - ********************Login test is passed***************************
2024-12-10 19:49:39,570 - root - INFO - ********************Login test is passed***************************
2024-12-10 20:17:12,738 - root - INFO - ******************* Test_002_AddEmp **********************
2024-12-10 20:17:12,738 - root - INFO - ******************* Test_002_AddEmp **********************
2024-12-10 20:17:12,740 - root - INFO - ****************** test_addEmp test started *******************
2024-12-10 20:17:12,740 - root - INFO - ****************** test_addEmp test started *******************
2024-12-10 20:17:28,362 - root - INFO - ****************Verifying Url**************************
2024-12-10 20:17:28,362 - root - INFO - ****************Verifying Url**************************
2024-12-10 20:17:28,763 - root - ERROR - ****************addEmp test failed**************************
2024-12-10 20:17:28,763 - root - ERROR - ****************addEmp test failed**************************
2024-12-10 20:17:31,277 - root - INFO - ********************Verifying Login Test***************************
2024-12-10 20:17:31,277 - root - INFO - ********************Verifying Login Test***************************
2024-12-10 20:17:43,149 - root - INFO - ********************Login test is passed***************************
2024-12-10 20:17:43,149 - root - INFO - ********************Login test is passed***************************
2024-12-10 20:21:47,823 - root - INFO - ******************* Test_002_AddEmp **********************
2024-12-10 20:21:47,823 - root - INFO - ******************* Test_002_AddEmp **********************
2024-12-10 20:21:47,826 - root - INFO - ****************** test_addEmp test started *******************
2024-12-10 20:21:47,826 - root - INFO - ****************** test_addEmp test started *******************
2024-12-10 20:22:02,902 - root - INFO - ****************Verifying Url**************************
2024-12-10 20:22:02,902 - root - INFO - ****************Verifying Url**************************
2024-12-10 20:22:03,330 - root - ERROR - ****************addEmp test failed**************************
2024-12-10 20:22:03,330 - root - ERROR - ****************addEmp test failed**************************
2024-12-10 20:22:05,756 - root - INFO - ********************Verifying Login Test***************************
2024-12-10 20:22:05,756 - root - INFO - ********************Verifying Login Test***************************
2024-12-10 20:22:17,054 - root - INFO - ********************Login test is passed***************************
2024-12-10 20:22:17,054 - root - INFO - ********************Login test is passed***************************
2024-12-10 20:22:29,678 - root - INFO - ******************* Test_002_AddEmp **********************
2024-12-10 20:22:29,678 - root - INFO - ******************* Test_002_AddEmp **********************
2024-12-10 20:22:29,678 - root - INFO - ****************** test_addEmp test started *******************
2024-12-10 20:22:29,678 - root - INFO - ****************** test_addEmp test started *******************
2024-12-10 20:23:27,020 - root - INFO - ****************Verifying Url**************************
2024-12-10 20:23:27,020 - root - INFO - ****************Verifying Url**************************
2024-12-10 20:23:28,384 - root - ERROR - ****************addEmp test failed**************************
2024-12-10 20:23:28,384 - root - ERROR - ****************addEmp test failed**************************
2024-12-10 20:23:36,569 - root - INFO - ********************Verifying Login Test***************************
2024-12-10 20:23:36,569 - root - INFO - ********************Verifying Login Test***************************
2024-12-10 20:24:32,278 - root - INFO - ********************Login test is passed***************************
2024-12-10 20:24:32,278 - root - INFO - ********************Login test is passed***************************
2024-12-10 20:58:03,457 - root - INFO - ******************* Test_002_AddEmp **********************
2024-12-10 20:58:03,457 - root - INFO - ******************* Test_002_AddEmp **********************
2024-12-10 20:58:03,459 - root - INFO - ****************** test_addEmp test started *******************
2024-12-10 20:58:03,459 - root - INFO - ****************** test_addEmp test started *******************
2024-12-10 20:58:24,082 - root - INFO - ****************Verifying Url**************************
2024-12-10 20:58:24,082 - root - INFO - ****************Verifying Url**************************
2024-12-10 20:58:24,504 - root - ERROR - ****************addEmp test failed**************************
2024-12-10 20:58:24,504 - root - ERROR - ****************addEmp test failed**************************
2024-12-10 20:58:27,131 - root - INFO - ********************Verifying Login Test***************************
2024-12-10 20:58:27,131 - root - INFO - ********************Verifying Login Test***************************
2024-12-10 20:58:39,973 - root - INFO - ********************Login test is passed***************************
2024-12-10 20:58:39,973 - root - INFO - ********************Login test is passed***************************
2024-12-10 21:04:18,169 - root - INFO - ******************* Test_002_AddEmp **********************
2024-12-10 21:04:18,169 - root - INFO - ******************* Test_002_AddEmp **********************
2024-12-10 21:04:18,170 - root - INFO - ****************** test_addEmp test started *******************
2024-12-10 21:04:18,170 - root - INFO - ****************** test_addEmp test started *******************
2024-12-10 21:04:40,451 - root - INFO - ****************Verifying Url**************************
2024-12-10 21:04:40,451 - root - INFO - ****************Verifying Url**************************
2024-12-10 21:04:40,906 - root - ERROR - ****************addEmp test failed**************************
2024-12-10 21:04:40,906 - root - ERROR - ****************addEmp test failed**************************
2024-12-10 21:04:43,545 - root - INFO - ********************Verifying Login Test***************************
2024-12-10 21:04:43,545 - root - INFO - ********************Verifying Login Test***************************
2024-12-10 21:04:54,232 - root - INFO - ********************Login test is passed***************************
2024-12-10 21:04:54,232 - root - INFO - ********************Login test is passed***************************
2024-12-10 21:06:37,542 - root - INFO - ******************* Test_002_AddEmp **********************
2024-12-10 21:06:37,542 - root - INFO - ******************* Test_002_AddEmp **********************
2024-12-10 21:06:37,544 - root - INFO - ****************** test_addEmp test started *******************
2024-12-10 21:06:37,544 - root - INFO - ****************** test_addEmp test started *******************
2024-12-10 21:06:58,968 - root - INFO - ****************Verifying Title**************************
2024-12-10 21:06:58,968 - root - INFO - ****************Verifying Title**************************
2024-12-10 21:06:59,289 - root - INFO - **************addEmp test passed**************************
2024-12-10 21:06:59,289 - root - INFO - **************addEmp test passed**************************
2024-12-10 21:06:59,289 - root - INFO - ******************test_addEmp test completed***************************
2024-12-10 21:06:59,289 - root - INFO - ******************test_addEmp test completed***************************
2024-12-10 21:07:01,505 - root - INFO - ********************Verifying Login Test***************************
2024-12-10 21:07:01,505 - root - INFO - ********************Verifying Login Test***************************
2024-12-10 21:07:12,116 - root - INFO - ********************Login test is passed***************************
2024-12-10 21:07:12,116 - root - INFO - ********************Login test is passed***************************
